[0m[[0m[0mdebug[0m] [0m[0m> Exec(reload, None, None)[0m[0J
[0m[[0m[0mdebug[0m] [0m[0m> Exec(sbtStashOnFailure, None, None)[0m[0J
[0m[[0m[0mdebug[0m] [0m[0m> Exec(onFailure loadFailed, None, None)[0m[0J
[0m[[0m[0mdebug[0m] [0m[0m> Exec(loadp, None, None)[0m[0J
[0m[[0m[0minfo[0m] [0m[0mwelcome to sbt 1.4.0 (Oracle Corporation Java 11.0.6)[0m[0J
[0m[[0m[0mdebug[0m] [0m[0m        Load.loadUnit: plugins took 23.2135ms[0m[0J
[0m[[0m[0mdebug[0m] [0m[0m        Load.loadUnit: defsScala took 0.0044ms[0m[0J
[0m[[0m[0mdebug[0m] [0m[0m[Loading] Scanning directory C:\Users\User\.sbt\1.0\plugins[0m[0J
[0m[[0m[0mdebug[0m] [0m[0m[Loading] Found non-root projects [0m[0J
[0m[[0m[0mdebug[0m] [0m[0m[Loading] Done in C:\Users\User\.sbt\1.0\plugins, returning: ()[0m[0J
[0m[[0m[0mdebug[0m] [0m[0mdeducing auto plugins based on known facts Set(Atom(sbt.plugins.CorePlugin)) and clauses Clauses(List(Clause(Atom(sbt.plugins.JvmPlugin),Set(Atom(sbt.plugins.IvyPlugin))), Clause(Atom(sbt.ScriptedPlugin),Set(Atom(sbt.plugins.JvmPlugin))), Clause(Atom(sbt.plugins.SbtPlugin),Set(Atom(sbt.ScriptedPlugin))), Clause(Atom(sbt.plugins.SemanticdbPlugin),Set(Atom(sbt.plugins.JvmPlugin))), Clause(Atom(sbt.plugins.JUnitXmlReportPlugin),Set(Atom(sbt.plugins.JvmPlugin))), Clause(Atom(sbt.plugins.MiniDependencyTreePlugin),Set(Atom(sbt.plugins.JvmPlugin))), Clause(Atom(sbt.plugins.CorePlugin),Set(Atom(sbt.plugins.IvyPlugin))), Clause(Atom(sbt.plugins.IvyPlugin),Set(Atom(sbt.plugins.JvmPlugin))), Clause(Atom(sbt.plugins.JvmPlugin),Set(Atom(sbt.plugins.SemanticdbPlugin))), Clause(Atom(sbt.plugins.JvmPlugin),Set(Atom(sbt.plugins.JUnitXmlReportPlugin))), Clause(Atom(sbt.plugins.CorePlugin),Set(Atom(sbt.plugins.Giter8TemplatePlugin))), Clause(Atom(sbt.plugins.JvmPlugin),Set(Atom(sbt.plugins.MiniDependencyTreePlugin)))))[0m[0J
[0m[[0m[0mdebug[0m] [0m[0m  :: deduced result: Matched(sbt.plugins.CorePlugin,sbt.plugins.Giter8TemplatePlugin,sbt.plugins.IvyPlugin,sbt.plugins.JvmPlugin,sbt.plugins.MiniDependencyTreePlugin,sbt.plugins.JUnitXmlReportPlugin,sbt.plugins.SemanticdbPlugin)[0m[0J
[0m[[0m[0mdebug[0m] [0m[0mPlugins.deducer#function took 1.5509 ms[0m[0J
[0m[[0m[0mdebug[0m] [0m[0m            Load.resolveProject(global-plugins) took 1.2821ms[0m[0J
[0m[[0m[0mdebug[0m] [0m[0m          Load.loadTransitive: finalizeProject(Project(id global-plugins, base: C:\Users\User\.sbt\1.0\plugins, plugins: List(<none>))) took 3.2481ms[0m[0J
[0m[[0m[0mdebug[0m] [0m[0m[Loading] Done in C:\Users\User\.sbt\1.0\plugins, returning: (global-plugins)[0m[0J
[0m[[0m[0mdebug[0m] [0m[0m        Load.loadUnit: loadedProjectsRaw took 4.7165ms[0m[0J
[0m[[0m[0mdebug[0m] [0m[0m        Load.loadUnit: cleanEvalClasses took 0.0181ms[0m[0J
[0m[[0m[0mdebug[0m] [0m[0m      Load.loadUnit(file:/C:/Users/User/.sbt/1.0/plugins/, ...) took 29.0522ms[0m[0J
[0m[[0m[0mdebug[0m] [0m[0m    Load.apply: load took 30.3583ms[0m[0J
[0m[[0m[0mdebug[0m] [0m[0m    Load.apply: resolveProjects took 0.1091ms[0m[0J
[0m[[0m[0mdebug[0m] [0m[0m    Load.apply: finalTransforms took 8.0389ms[0m[0J
[0m[[0m[0mdebug[0m] [0m[0m    Load.apply: config.delegates took 0.4012ms[0m[0J
[0m[[0m[0mdebug[0m] [0m[0m    Load.apply: Def.make(settings)... took 65.4965ms[0m[0J
[0m[[0m[0mdebug[0m] [0m[0m    Load.apply: structureIndex took 23.9529ms[0m[0J
[0m[[0m[0mdebug[0m] [0m[0m    Load.apply: mkStreams took 0.0038ms[0m[0J
[0m[[0m[0minfo[0m] [0m[0mloading global plugins from C:\Users\User\.sbt\1.0\plugins[0m[0J
[0m[[0m[0mdebug[0m] [0m[0mRunning task... Cancel: Signal, check cycles: false, forcegc: true[0m[0J
[0m[[0m[31merror[0m] [0m[0minsecure HTTP request is unsupported 'Patterns(ivyPatterns=Vector(http://repo.typesafe.com/typesafe/ivy-releases/[organization]/[module]/[revision]/[type]s/[artifact](-[classifier]).[ext]), artifactPatterns=Vector(http://repo.typesafe.com/typesafe/ivy-releases/[organization]/[module]/[revision]/[type]s/[artifact](-[classifier]).[ext]), isMavenCompatible=false, descriptorOptional=false, skipConsistencyCheck=false)'; switch to HTTPS or opt-in as Resolver.url("typesafe-ivy-releases", url(...)).withAllowInsecureProtocol(true), or by using allowInsecureProtocol in repositories file[0m[0J
[0m[[0m[31merror[0m] [0m[0mjava.lang.RuntimeException: insecure protocol is unsupported[0m[0J
[0m[[0m[31merror[0m] [0m[0m	at scala.sys.package$.error(package.scala:30)[0m[0J
[0m[[0m[31merror[0m] [0m[0m	at sbt.Classpaths$.errorInsecureProtocol(Defaults.scala:3071)[0m[0J
[0m[[0m[31merror[0m] [0m[0m	at sbt.coursierint.LMCoursier$.coursierConfiguration(LMCoursier.scala:144)[0m[0J
[0m[[0m[31merror[0m] [0m[0m	at sbt.coursierint.LMCoursier$.$anonfun$scalaCompilerBridgeConfigurationTask$1(LMCoursier.scala:279)[0m[0J
[0m[[0m[31merror[0m] [0m[0m	at scala.Function1.$anonfun$compose$1(Function1.scala:49)[0m[0J
[0m[[0m[31merror[0m] [0m[0m	at sbt.internal.util.$tilde$greater.$anonfun$$u2219$1(TypeFunctions.scala:62)[0m[0J
[0m[[0m[31merror[0m] [0m[0m	at sbt.std.Transform$$anon$4.work(Transform.scala:68)[0m[0J
[0m[[0m[31merror[0m] [0m[0m	at sbt.Execute.$anonfun$submit$2(Execute.scala:282)[0m[0J
[0m[[0m[31merror[0m] [0m[0m	at sbt.internal.util.ErrorHandling$.wideConvert(ErrorHandling.scala:23)[0m[0J
[0m[[0m[31merror[0m] [0m[0m	at sbt.Execute.work(Execute.scala:291)[0m[0J
[0m[[0m[31merror[0m] [0m[0m	at sbt.Execute.$anonfun$submit$1(Execute.scala:282)[0m[0J
[0m[[0m[31merror[0m] [0m[0m	at sbt.ConcurrentRestrictions$$anon$4.$anonfun$submitValid$1(ConcurrentRestrictions.scala:265)[0m[0J
[0m[[0m[31merror[0m] [0m[0m	at sbt.CompletionService$$anon$2.call(CompletionService.scala:64)[0m[0J
[0m[[0m[31merror[0m] [0m[0m	at java.base/java.util.concurrent.FutureTask.run(FutureTask.java:264)[0m[0J
[0m[[0m[31merror[0m] [0m[0m	at java.base/java.util.concurrent.Executors$RunnableAdapter.call(Executors.java:515)[0m[0J
[0m[[0m[31merror[0m] [0m[0m	at java.base/java.util.concurrent.FutureTask.run(FutureTask.java:264)[0m[0J
[0m[[0m[31merror[0m] [0m[0m	at java.base/java.util.concurrent.ThreadPoolExecutor.runWorker(ThreadPoolExecutor.java:1128)[0m[0J
[0m[[0m[31merror[0m] [0m[0m	at java.base/java.util.concurrent.ThreadPoolExecutor$Worker.run(ThreadPoolExecutor.java:628)[0m[0J
[0m[[0m[31merror[0m] [0m[0m	at java.base/java.lang.Thread.run(Thread.java:834)[0m[0J
[0m[[0m[31merror[0m] [0m[0m(scalaCompilerBridgeScope / [31mcsrConfiguration[0m) insecure protocol is unsupported[0m[0J
[0m[[0m[0mdebug[0m] [0m[0m> Exec(loadFailed, None, None)[0m[0J
[0m[[0m[33mwarn[0m] [0m[0mProject loading failed: (r)etry, (q)uit, (l)ast, or (i)gnore? (default: r)[0m[0J
